# JRE version: OpenJDK Runtime Environment (8.0_242-b01) (build 1.8.0_242-release-1644-b01)
# Java VM: OpenJDK 64-Bit Server VM (25.242-b01 mixed mode windows-amd64 compressed oops)
Heap:
 PSYoungGen      total 71680K, used 14384K [0x00000000e0c00000, 0x00000000e5700000, 0x0000000100000000)
  eden space 66560K, 13% used [0x00000000e0c00000,0x00000000e15143d8,0x00000000e4d00000)
  from space 5120K, 99% used [0x00000000e5200000,0x00000000e56f8020,0x00000000e5700000)
  to   space 5120K, 0% used [0x00000000e4d00000,0x00000000e4d00000,0x00000000e5200000)
 ParOldGen       total 87552K, used 3459K [0x00000000a2400000, 0x00000000a7980000, 0x00000000e0c00000)
  object space 87552K, 3% used [0x00000000a2400000,0x00000000a2760f00,0x00000000a7980000)
 Metaspace       used 15307K, capacity 15874K, committed 16128K, reserved 1064960K
  class space    used 2104K, capacity 2270K, committed 2304K, reserved 1048576K
GC Heap History (8 events):
Event: 0.461 GC heap before
{Heap before GC invocations=1 (full 0):
 PSYoungGen      total 38400K, used 33280K [0x00000000e0c00000, 0x00000000e3680000, 0x0000000100000000)
  eden space 33280K, 100% used [0x00000000e0c00000,0x00000000e2c80000,0x00000000e2c80000)
  from space 5120K, 0% used [0x00000000e3180000,0x00000000e3180000,0x00000000e3680000)
  to   space 5120K, 0% used [0x00000000e2c80000,0x00000000e2c80000,0x00000000e3180000)
 ParOldGen       total 87552K, used 0K [0x00000000a2400000, 0x00000000a7980000, 0x00000000e0c00000)
  object space 87552K, 0% used [0x00000000a2400000,0x00000000a2400000,0x00000000a7980000)
 Metaspace       used 7543K, capacity 7848K, committed 8064K, reserved 1056768K
  class space    used 930K, capacity 1039K, committed 1152K, reserved 1048576K
Event: 0.465 GC heap after
Heap after GC invocations=1 (full 0):
 PSYoungGen      total 38400K, used 4578K [0x00000000e0c00000, 0x00000000e3680000, 0x0000000100000000)
  eden space 33280K, 0% used [0x00000000e0c00000,0x00000000e0c00000,0x00000000e2c80000)
  from space 5120K, 89% used [0x00000000e2c80000,0x00000000e30f8ab8,0x00000000e3180000)
  to   space 5120K, 0% used [0x00000000e3180000,0x00000000e3180000,0x00000000e3680000)
 ParOldGen       total 87552K, used 16K [0x00000000a2400000, 0x00000000a7980000, 0x00000000e0c00000)
  object space 87552K, 0% used [0x00000000a2400000,0x00000000a2404000,0x00000000a7980000)
 Metaspace       used 7543K, capacity 7848K, committed 8064K, reserved 1056768K
  class space    used 930K, capacity 1039K, committed 1152K, reserved 1048576K
}
Event: 0.585 GC heap before
{Heap before GC invocations=2 (full 0):
 PSYoungGen      total 38400K, used 37858K [0x00000000e0c00000, 0x00000000e3680000, 0x0000000100000000)
  eden space 33280K, 100% used [0x00000000e0c00000,0x00000000e2c80000,0x00000000e2c80000)
  from space 5120K, 89% used [0x00000000e2c80000,0x00000000e30f8ab8,0x00000000e3180000)
  to   space 5120K, 0% used [0x00000000e3180000,0x00000000e3180000,0x00000000e3680000)
 ParOldGen       total 87552K, used 16K [0x00000000a2400000, 0x00000000a7980000, 0x00000000e0c00000)
  object space 87552K, 0% used [0x00000000a2400000,0x00000000a2404000,0x00000000a7980000)
 Metaspace       used 7715K, capacity 7976K, committed 8320K, reserved 1056768K
  class space    used 939K, capacity 1039K, committed 1152K, reserved 1048576K
Event: 0.587 GC heap after
Heap after GC invocations=2 (full 0):
 PSYoungGen      total 38400K, used 3489K [0x00000000e0c00000, 0x00000000e5700000, 0x0000000100000000)
  eden space 33280K, 0% used [0x00000000e0c00000,0x00000000e0c00000,0x00000000e2c80000)
  from space 5120K, 68% used [0x00000000e3180000,0x00000000e34e8608,0x00000000e3680000)
  to   space 5120K, 0% used [0x00000000e2c80000,0x00000000e2c80000,0x00000000e3180000)
 ParOldGen       total 87552K, used 24K [0x00000000a2400000, 0x00000000a7980000, 0x00000000e0c00000)
  object space 87552K, 0% used [0x00000000a2400000,0x00000000a2406000,0x00000000a7980000)
 Metaspace       used 7715K, capacity 7976K, committed 8320K, reserved 1056768K
  class space    used 939K, capacity 1039K, committed 1152K, reserved 1048576K
}
Event: 0.954 GC heap before
{Heap before GC invocations=3 (full 0):
 PSYoungGen      total 38400K, used 36769K [0x00000000e0c00000, 0x00000000e5700000, 0x0000000100000000)
  eden space 33280K, 100% used [0x00000000e0c00000,0x00000000e2c80000,0x00000000e2c80000)
  from space 5120K, 68% used [0x00000000e3180000,0x00000000e34e8608,0x00000000e3680000)
  to   space 5120K, 0% used [0x00000000e2c80000,0x00000000e2c80000,0x00000000e3180000)
 ParOldGen       total 87552K, used 24K [0x00000000a2400000, 0x00000000a7980000, 0x00000000e0c00000)
  object space 87552K, 0% used [0x00000000a2400000,0x00000000a2406000,0x00000000a7980000)
 Metaspace       used 11830K, capacity 12200K, committed 12544K, reserved 1060864K
  class space    used 1556K, capacity 1692K, committed 1792K, reserved 1048576K
Event: 0.957 GC heap after
Heap after GC invocations=3 (full 0):
 PSYoungGen      total 38400K, used 5104K [0x00000000e0c00000, 0x00000000e5700000, 0x0000000100000000)
  eden space 33280K, 0% used [0x00000000e0c00000,0x00000000e0c00000,0x00000000e2c80000)
  from space 5120K, 99% used [0x00000000e2c80000,0x00000000e317c010,0x00000000e3180000)
  to   space 5120K, 0% used [0x00000000e5200000,0x00000000e5200000,0x00000000e5700000)
 ParOldGen       total 87552K, used 1123K [0x00000000a2400000, 0x00000000a7980000, 0x00000000e0c00000)
  object space 87552K, 1% used [0x00000000a2400000,0x00000000a2518ef0,0x00000000a7980000)
 Metaspace       used 11830K, capacity 12200K, committed 12544K, reserved 1060864K
  class space    used 1556K, capacity 1692K, committed 1792K, reserved 1048576K
}
Event: 1.125 GC heap before
{Heap before GC invocations=4 (full 0):
 PSYoungGen      total 38400K, used 38384K [0x00000000e0c00000, 0x00000000e5700000, 0x0000000100000000)
  eden space 33280K, 100% used [0x00000000e0c00000,0x00000000e2c80000,0x00000000e2c80000)
  from space 5120K, 99% used [0x00000000e2c80000,0x00000000e317c010,0x00000000e3180000)
  to   space 5120K, 0% used [0x00000000e5200000,0x00000000e5200000,0x00000000e5700000)
 ParOldGen       total 87552K, used 1123K [0x00000000a2400000, 0x00000000a7980000, 0x00000000e0c00000)
  object space 87552K, 1% used [0x00000000a2400000,0x00000000a2518ef0,0x00000000a7980000)
 Metaspace       used 14254K, capacity 14684K, committed 14976K, reserved 1064960K
  class space    used 1969K, capacity 2094K, committed 2176K, reserved 1048576K
Event: 1.130 GC heap after
Heap after GC invocations=4 (full 0):
 PSYoungGen      total 71680K, used 5088K [0x00000000e0c00000, 0x00000000e5700000, 0x0000000100000000)
  eden space 66560K, 0% used [0x00000000e0c00000,0x00000000e0c00000,0x00000000e4d00000)
  from space 5120K, 99% used [0x00000000e5200000,0x00000000e56f8020,0x00000000e5700000)
  to   space 5120K, 0% used [0x00000000e4d00000,0x00000000e4d00000,0x00000000e5200000)
 ParOldGen       total 87552K, used 3459K [0x00000000a2400000, 0x00000000a7980000, 0x00000000e0c00000)
  object space 87552K, 3% used [0x00000000a2400000,0x00000000a2760f00,0x00000000a7980000)
 Metaspace       used 14254K, capacity 14684K, committed 14976K, reserved 1064960K
  class space    used 1969K, capacity 2094K, committed 2176K, reserved 1048576K
}

